TN:
SF:calculator.js
FN:6,addIngredient
FN:17,updateIngredientsList
FN:21,(anonymous_2)
FN:31,removeIngredient
FN:36,calculateNutrition
FN:46,(anonymous_5)
FN:76,displayResults
FNF:7
FNH:7
FNDA:1,addIngredient
FNDA:2,updateIngredientsList
FNDA:2,(anonymous_2)
FNDA:1,removeIngredient
FNDA:3,calculateNutrition
FNDA:2,(anonymous_5)
FNDA:1,displayResults
DA:1,2
DA:2,2
DA:4,2
DA:7,1
DA:8,1
DA:10,1
DA:11,1
DA:12,1
DA:13,1
DA:18,2
DA:19,2
DA:21,2
DA:22,2
DA:23,2
DA:27,2
DA:32,1
DA:33,1
DA:37,3
DA:38,1
DA:39,1
DA:42,2
DA:43,2
DA:45,2
DA:46,2
DA:47,2
DA:50,2
DA:62,2
DA:63,1
DA:66,1
DA:67,1
DA:69,1
DA:77,1
DA:79,1
DA:103,2
LF:34
LH:34
BRDA:10,0,0,1
BRDA:10,0,1,0
BRDA:37,1,0,1
BRDA:37,1,1,2
BRDA:62,2,0,1
BRDA:62,2,1,1
BRF:6
BRH:5
end_of_record
TN:
SF:mealPlan.js
FN:3,allowDrop
FN:7,drag
FN:11,handleDrop
FN:23,(anonymous_3)
FN:28,removeMeal
FN:32,(anonymous_5)
FN:33,(anonymous_6)
FN:40,addMealBackToSearch
FN:60,searchMeals
FN:72,(anonymous_9)
FN:76,(anonymous_10)
FN:80,(anonymous_11)
FN:101,(anonymous_12)
FN:107,initializeMealPlanEvents
FN:109,(anonymous_14)
FN:111,(anonymous_15)
FN:112,(anonymous_16)
FN:125,(anonymous_17)
FN:128,(anonymous_18)
FN:130,(anonymous_19)
FN:158,(anonymous_20)
FN:163,(anonymous_21)
FN:165,(anonymous_22)
FN:181,(anonymous_23)
FNF:24
FNH:5
FNDA:0,allowDrop
FNDA:0,drag
FNDA:1,handleDrop
FNDA:0,(anonymous_3)
FNDA:0,removeMeal
FNDA:0,(anonymous_5)
FNDA:0,(anonymous_6)
FNDA:0,addMealBackToSearch
FNDA:1,searchMeals
FNDA:1,(anonymous_9)
FNDA:1,(anonymous_10)
FNDA:1,(anonymous_11)
FNDA:0,(anonymous_12)
FNDA:0,initializeMealPlanEvents
FNDA:0,(anonymous_14)
FNDA:0,(anonymous_15)
FNDA:0,(anonymous_16)
FNDA:0,(anonymous_17)
FNDA:0,(anonymous_18)
FNDA:0,(anonymous_19)
FNDA:0,(anonymous_20)
FNDA:0,(anonymous_21)
FNDA:0,(anonymous_22)
FNDA:0,(anonymous_23)
DA:1,2
DA:4,0
DA:8,0
DA:12,1
DA:13,1
DA:14,1
DA:16,1
DA:17,1
DA:18,1
DA:20,1
DA:21,1
DA:22,1
DA:23,1
DA:24,1
DA:29,0
DA:31,0
DA:32,0
DA:33,0
DA:36,0
DA:37,0
DA:41,0
DA:43,0
DA:44,0
DA:46,0
DA:47,0
DA:48,0
DA:49,0
DA:50,0
DA:52,0
DA:53,0
DA:55,0
DA:56,0
DA:57,0
DA:61,1
DA:63,1
DA:64,1
DA:66,1
DA:67,1
DA:69,1
DA:71,1
DA:73,1
DA:74,1
DA:77,1
DA:79,1
DA:80,1
DA:81,1
DA:82,1
DA:83,1
DA:84,1
DA:86,1
DA:87,1
DA:88,1
DA:90,1
DA:91,1
DA:93,1
DA:94,1
DA:95,1
DA:98,0
DA:102,0
DA:103,0
DA:108,0
DA:109,0
DA:110,0
DA:111,0
DA:112,0
DA:113,0
DA:114,0
DA:118,0
DA:119,0
DA:120,0
DA:123,0
DA:124,0
DA:125,0
DA:126,0
DA:128,0
DA:129,0
DA:130,0
DA:135,0
DA:138,0
DA:139,0
DA:146,2
DA:157,2
DA:158,2
DA:159,0
DA:161,0
DA:162,0
DA:163,0
DA:164,0
DA:165,0
DA:166,0
DA:167,0
DA:168,0
DA:169,0
DA:171,0
DA:172,0
DA:173,0
DA:175,0
DA:176,0
DA:178,0
DA:179,0
DA:180,0
DA:181,0
DA:183,0
DA:184,0
DA:185,0
DA:186,0
LF:106
LH:39
BRDA:16,0,0,1
BRDA:16,0,1,0
BRDA:31,1,0,0
BRDA:31,1,1,0
BRDA:64,2,0,0
BRDA:64,2,1,1
BRDA:73,3,0,0
BRDA:73,3,1,1
BRDA:79,4,0,1
BRDA:79,4,1,0
BRDA:79,5,0,1
BRDA:79,5,1,1
BRDA:108,6,0,0
BRDA:108,6,1,0
BRDA:119,7,0,0
BRDA:119,7,1,0
BRDA:124,8,0,0
BRDA:124,8,1,0
BRDA:157,9,0,2
BRDA:157,9,1,0
BRDA:162,10,0,0
BRDA:162,10,1,0
BRF:22
BRH:7
end_of_record
TN:
SF:recommendation.js
FN:4,initializeEventListeners
FN:8,(anonymous_1)
FN:20,(anonymous_2)
FN:26,(anonymous_3)
FN:28,(anonymous_4)
FN:35,(anonymous_5)
FN:38,(anonymous_6)
FN:42,(anonymous_7)
FN:50,displayRecipes
FN:64,(anonymous_9)
FN:101,findInfo
FNF:11
FNH:4
FNDA:1,initializeEventListeners
FNDA:0,(anonymous_1)
FNDA:0,(anonymous_2)
FNDA:0,(anonymous_3)
FNDA:0,(anonymous_4)
FNDA:0,(anonymous_5)
FNDA:0,(anonymous_6)
FNDA:0,(anonymous_7)
FNDA:1,displayRecipes
FNDA:2,(anonymous_9)
FNDA:1,findInfo
DA:1,1
DA:2,1
DA:5,1
DA:6,1
DA:7,1
DA:8,0
DA:9,0
DA:11,0
DA:12,0
DA:13,0
DA:14,0
DA:17,0
DA:18,0
DA:20,0
DA:21,0
DA:25,0
DA:27,0
DA:28,0
DA:29,0
DA:30,0
DA:33,0
DA:36,0
DA:39,0
DA:40,0
DA:43,0
DA:51,1
DA:52,1
DA:54,1
DA:55,0
DA:56,0
DA:58,1
DA:61,1
DA:62,1
DA:64,2
DA:67,1
DA:68,1
DA:69,1
DA:70,1
DA:72,1
DA:73,1
DA:74,1
DA:76,0
DA:79,1
DA:80,1
DA:82,1
DA:97,1
DA:102,1
DA:103,1
DA:104,1
DA:105,1
DA:107,1
DA:108,1
DA:109,1
DA:110,0
DA:111,0
DA:112,0
DA:115,1
DA:116,1
DA:117,1
DA:118,1
DA:120,0
DA:121,0
DA:122,0
DA:125,1
DA:126,1
DA:128,1
DA:129,0
DA:131,1
DA:132,1
DA:135,0
DA:136,0
DA:137,0
DA:141,1
DA:143,1
DA:144,1
LF:75
LH:42
BRDA:5,0,0,1
BRDA:5,0,1,0
BRDA:7,1,0,0
BRDA:7,1,1,1
BRDA:12,2,0,0
BRDA:12,2,1,0
BRDA:27,3,0,0
BRDA:27,3,1,0
BRDA:30,4,0,0
BRDA:30,4,1,0
BRDA:54,5,0,0
BRDA:54,5,1,1
BRDA:73,6,0,1
BRDA:73,6,1,0
BRDA:109,7,0,0
BRDA:109,7,1,1
BRDA:112,8,0,0
BRDA:112,8,1,0
BRDA:128,9,0,0
BRDA:128,9,1,1
BRDA:131,10,0,1
BRDA:131,10,1,0
BRDA:131,11,0,1
BRDA:131,11,1,1
BRDA:143,12,0,1
BRDA:143,12,1,0
BRF:26
BRH:10
end_of_record
TN:
SF:save.js
FN:1,saveRecipe
FN:7,loadSavedRecipes
FNF:2
FNH:1
FNDA:1,saveRecipe
FNDA:0,loadSavedRecipes
DA:2,1
DA:3,1
DA:4,1
DA:8,0
DA:11,2
LF:5
LH:4
BRDA:2,0,0,1
BRDA:2,0,1,1
BRDA:8,1,0,0
BRDA:8,1,1,0
BRF:4
BRH:2
end_of_record
TN:
SF:search.js
FN:1,searchRecipes
FN:11,(anonymous_1)
FN:12,(anonymous_2)
FNF:3
FNH:3
FNDA:3,searchRecipes
FNDA:4,(anonymous_1)
FNDA:4,(anonymous_2)
DA:2,3
DA:3,1
DA:6,2
DA:11,2
DA:12,4
DA:16,2
LF:6
LH:6
BRDA:2,0,0,1
BRDA:2,0,1,2
BRDA:2,1,0,3
BRDA:2,1,1,3
BRF:4
BRH:4
end_of_record
